C166 COMPILER V7.57.0, DO_EBS_CTRL                                                         11/27/2019 10:56:47 PAGE 1   


C166 COMPILER V7.57.0, COMPILATION OF MODULE DO_EBS_CTRL
OBJECT MODULE PLACED IN .\objs\do_ebs_ctrl.obj
COMPILER INVOKED BY: C:\Keil_v5\C166\BIN\C166.EXE EBS_Ctrl_Logic\do_ebs_ctrl.c MODV2 LARGE BROWSE INCDIR(.\src\hardware;
                    -.\src;.\EOL_Diag;.\DTC_Diag;.\Hw_Driver;.\CalTool;.\DTC_Diag\mcu2_prot;./CAN_Driver;.\xcp;.\src\include;.\EBS_Logic) MOD
                    -V2 DEBUG CODE PRINT(.\objs\do_ebs_ctrl.lst) TABS(2) OBJECT(.\objs\do_ebs_ctrl.obj) 

 stmt lvl     source

    1         /**************************************************
    2         *    File Name    : do_ebs_ctrl.c
    3         *    Copyright    : QingChen
    4         *    Module Name  : eBooster
    5              *
    6         *    CPU          : XC2000
    7         *    RTOS         : No RTOS
    8         *
    9         *    Create Date  : 2019.11.26/22:10
   10         *    Author/Cororation: WGY/QingChen Techology
   11         *    Abstract Description: The ebooster main ctrl logic
   12         *
   13         *--------------- Revision History --------------
   14         *    No Version Date      Revisied By  Item    Description
   15         *    1  V0.0    19.11.26  WGY                  
   16         **************************************************/
   17         
   18         /**************************************************
   19         *    Debug switch Section
   20         **************************************************/
   21         
   22         /**************************************************
   23         *    Include File Section
   24         **************************************************/
   25         #include "do_ebs_ctrl.h"
   26         /**************************************************
   27         *    MacroDefine Section
   28         **************************************************/
   29         
   30         /**************************************************
   31         *    StructDefine Section
   32         **************************************************/
   33         
   34         /**************************************************
   35         *    Prototype Declare Section
   36         **************************************************/
   37         
   38         /**************************************************
   39         *    Global Variable Declare Section
   40         **************************************************/
   41         
   42         /**************************************************
   43         *    File Static Variable Define Section
   44         **************************************************/
   45         
   46         /**************************************************
   47         *    Function Define Section
   48         **************************************************/
C166 COMPILER V7.57.0, DO_EBS_CTRL                                                         11/27/2019 10:56:47 PAGE 2   

ASSEMBLY LISTING OF GENERATED OBJECT CODE




MODULE INFORMATION:   INITIALIZED  UNINITIALIZED
  CODE SIZE        =    --------     --------
  NEAR-CONST SIZE  =    --------     --------
  FAR-CONST SIZE   =    --------     --------
  HUGE-CONST SIZE  =    --------     --------
  XHUGE-CONST SIZE =    --------     --------
  NEAR-DATA SIZE   =    --------     --------
  FAR-DATA SIZE    =    --------     --------
  XHUGE-DATA SIZE  =    --------     --------
  IDATA-DATA SIZE  =    --------     --------
  SDATA-DATA SIZE  =    --------     --------
  BDATA-DATA SIZE  =    --------     --------
  HUGE-DATA SIZE   =    --------     --------
  BIT SIZE         =    --------     --------
  INIT'L SIZE      =    --------     --------
END OF MODULE INFORMATION.


C166 COMPILATION COMPLETE.  0 WARNING(S),  0 ERROR(S)
