C166 COMPILER V7.57.0, GPARA                                                               12/14/2020 10:56:39 PAGE 1   


C166 COMPILER V7.57.0, COMPILATION OF MODULE GPARA
OBJECT MODULE PLACED IN .\objs\gpara.obj
COMPILER INVOKED BY: C:\Keil_v5\C166\BIN\C166.EXE CalTool\gpara.c MODV2 LARGE BROWSE INCDIR(.\src\hardware;.\src;.\EOL_D
                    -iag;.\DTC_Diag;.\Hw_Driver;.\CalTool;.\DTC_Diag\mcu2_prot;./CAN_Driver;.\xcp;.\src\include;.\EBS_Ctrl_Logic) MODV2 DEBUG
                    - CODE PRINT(.\objs\gpara.lst) TABS(2) OBJECT(.\objs\gpara.obj) 

 stmt lvl     source

    1         ////////////////////////////////////////////////////////////////////////////////
    2         /*******************************************************************************
    3         * 
    4         * Parameters for Calibration [TBD, reserved]
    5         *  
    6         *      
    7         *******************************************************************************/
    8         ////////////////////////////////////////////////////////////////////////////////
    9         
   10         #include "gpara.h"
   11         
   12         ////////////////////////////////////////////////////////////////////////////////
C166 COMPILER V7.57.0, GPARA                                                               12/14/2020 10:56:39 PAGE 2   

ASSEMBLY LISTING OF GENERATED OBJECT CODE




MODULE INFORMATION:   INITIALIZED  UNINITIALIZED
  CODE SIZE        =    --------     --------
  NEAR-CONST SIZE  =    --------     --------
  FAR-CONST SIZE   =    --------     --------
  HUGE-CONST SIZE  =    --------     --------
  XHUGE-CONST SIZE =    --------     --------
  NEAR-DATA SIZE   =    --------     --------
  FAR-DATA SIZE    =    --------     --------
  XHUGE-DATA SIZE  =    --------     --------
  IDATA-DATA SIZE  =    --------     --------
  SDATA-DATA SIZE  =    --------     --------
  BDATA-DATA SIZE  =    --------     --------
  HUGE-DATA SIZE   =    --------     --------
  BIT SIZE         =    --------     --------
  INIT'L SIZE      =    --------     --------
END OF MODULE INFORMATION.


C166 COMPILATION COMPLETE.  0 WARNING(S),  0 ERROR(S)
