C166 COMPILER V7.57.0, LIB_EOL_DIAG_VERSION                                                12/14/2020 10:56:38 PAGE 1   


C166 COMPILER V7.57.0, COMPILATION OF MODULE LIB_EOL_DIAG_VERSION
OBJECT MODULE PLACED IN .\objs\Lib_EOL_Diag_Version.obj
COMPILER INVOKED BY: C:\Keil_v5\C166\BIN\C166.EXE EOL_Diag\Lib_EOL_Diag_Version.c MODV2 LARGE BROWSE INCDIR(.\src\hardwa
                    -re;.\src;.\EOL_Diag;.\DTC_Diag;.\Hw_Driver;.\CalTool;.\DTC_Diag\mcu2_prot;./CAN_Driver;.\xcp;.\src\include;.\EBS_Ctrl_Lo
                    -gic) MODV2 DEBUG CODE PRINT(.\objs\Lib_EOL_Diag_Version.lst) TABS(2) OBJECT(.\objs\Lib_EOL_Diag_Version.obj) 

 stmt lvl     source

    1         ////////////////////////////////////////////////////////////////////////////////
    2         /*******************************************************************************
    3         * 
    4         *
    5         *  
    6         *      
    7         *******************************************************************************/
    8         ////////////////////////////////////////////////////////////////////////////////
    9         
   10         #include "lib_eol_diag_version.h"
   11         
   12         const char lib_eol_diag_version[]="["__DATE__" "__TIME__"]";
   13         ////////////////////////////////////////////////////////////////////////////////
C166 COMPILER V7.57.0, LIB_EOL_DIAG_VERSION                                                12/14/2020 10:56:38 PAGE 2   

ASSEMBLY LISTING OF GENERATED OBJECT CODE




MODULE INFORMATION:   INITIALIZED  UNINITIALIZED
  CODE SIZE        =    --------     --------
  NEAR-CONST SIZE  =    --------     --------
  FAR-CONST SIZE   =          23     --------
  HUGE-CONST SIZE  =    --------     --------
  XHUGE-CONST SIZE =    --------     --------
  NEAR-DATA SIZE   =    --------     --------
  FAR-DATA SIZE    =    --------     --------
  XHUGE-DATA SIZE  =    --------     --------
  IDATA-DATA SIZE  =    --------     --------
  SDATA-DATA SIZE  =    --------     --------
  BDATA-DATA SIZE  =    --------     --------
  HUGE-DATA SIZE   =    --------     --------
  BIT SIZE         =    --------     --------
  INIT'L SIZE      =    --------     --------
END OF MODULE INFORMATION.


C166 COMPILATION COMPLETE.  0 WARNING(S),  0 ERROR(S)
