C166 COMPILER V7.57.0, MAIN_TASK                                                           02/15/2020 01:24:52 PAGE 1   


C166 COMPILER V7.57.0, COMPILATION OF MODULE MAIN_TASK
OBJECT MODULE PLACED IN .\objs\main_task.obj
COMPILER INVOKED BY: C:\Keil_v5\C166\BIN\C166.EXE src\main_task.c MODV2 LARGE BROWSE INCDIR(.\src\hardware;.\src;.\EOL_D
                    -iag;.\DTC_Diag;.\Hw_Driver;.\CalTool;.\DTC_Diag\mcu2_prot;./CAN_Driver;.\xcp;.\src\include;.\EBS_Ctrl_Logic) MODV2 DEBUG
                    - CODE PRINT(.\objs\main_task.lst) TABS(2) OBJECT(.\objs\main_task.obj) 

 stmt lvl     source

    1         ////////////////////////////////////////////////////////////////////////////////
    2         /*******************************************************************************
    3         * 
    4         * Reserved timer
    5         *  
    6         *      
    7         *******************************************************************************/
    8         ////////////////////////////////////////////////////////////////////////////////
    9         
   10         #include "main_task.h"
   11         
   12         ////////////////////////////////////////////////////////////////////////////////
   13         //
   14         ////////////////////////////////////////////////////////////////////////////////
   15         void main_task_init(void)
   16         {
   17  1        GPT12E_T2IC=0x40|(1<<2)|(0);  // Lowest priority except CPU idle
   18  1        GPT12E_T2CON=0x0002;          // 1.6us/tick@20MHz,0.8us@40Mhz,0.4us@80MHz
   19  1        
   20  1        main_task_stop(); 
   21  1        main_task_setperiod(10);       // 10ms
   22  1        main_task_start();
   23  1      }
   24         
   25         ////////////////////////////////////////////////////////////////////////////////
   26         // Timer2 period: 10ms
   27         ////////////////////////////////////////////////////////////////////////////////
   28         void isr_main_timer(void) interrupt T2INT
   29         {
   30  1        main_task_stop();
   31  1        main_task_setperiod(10);       // 10ms
   32  1        main_task_start();
   33  1        
   34  1        // Function removed
   35  1        // do_ctrl();
   36  1        // g_overflow_10ms_ub=1;
   37  1      }
   38         ////////////////////////////////////////////////////////////////////////////////
C166 COMPILER V7.57.0, MAIN_TASK                                                           02/15/2020 01:24:52 PAGE 2   

ASSEMBLY LISTING OF GENERATED OBJECT CODE


             ; FUNCTION main_task_init (BEGIN  RMASK = @0x4000)
                                           ; SOURCE LINE # 15
                                           ; SOURCE LINE # 17
0000 E6B04400      MOV       GPT12E_T2IC,#044H
                                           ; SOURCE LINE # 18
0004 E6A00200      MOV       GPT12E_T2CON,#02H
                                           ; SOURCE LINE # 20
0008 6EA0          BCLR      GPT12E_T2CON_T2R
                                           ; SOURCE LINE # 21
000A E620589E      MOV       GPT12E_T2,#09E58H
                                           ; SOURCE LINE # 22
000E 6FA0          BSET      GPT12E_T2CON_T2R
                                           ; SOURCE LINE # 23
0010 DB00          RETS      
             ; FUNCTION main_task_init (END    RMASK = @0x4000)

             ; FUNCTION isr_main_timer (BEGIN  RMASK = @0x4000)
                                           ; SOURCE LINE # 28
0012 C6030300      SCXT      DPP3,#03H
                                           ; SOURCE LINE # 30
0016 6EA0          BCLR      GPT12E_T2CON_T2R
                                           ; SOURCE LINE # 31
0018 E620589E      MOV       GPT12E_T2,#09E58H
                                           ; SOURCE LINE # 32
001C 6FA0          BSET      GPT12E_T2CON_T2R
                                           ; SOURCE LINE # 37
001E FC03          POP       DPP3
0020 FB88          RETI      
             ; FUNCTION isr_main_timer (END    RMASK = @0x4000)



MODULE INFORMATION:   INITIALIZED  UNINITIALIZED
  CODE SIZE        =          34     --------
  NEAR-CONST SIZE  =    --------     --------
  FAR-CONST SIZE   =    --------     --------
  HUGE-CONST SIZE  =    --------     --------
  XHUGE-CONST SIZE =    --------     --------
  NEAR-DATA SIZE   =    --------     --------
  FAR-DATA SIZE    =    --------     --------
  XHUGE-DATA SIZE  =    --------     --------
  IDATA-DATA SIZE  =    --------     --------
  SDATA-DATA SIZE  =    --------     --------
  BDATA-DATA SIZE  =    --------     --------
  HUGE-DATA SIZE   =    --------     --------
  BIT SIZE         =    --------     --------
  INIT'L SIZE      =    --------     --------
END OF MODULE INFORMATION.


C166 COMPILATION COMPLETE.  0 WARNING(S),  0 ERROR(S)
