C166 COMPILER V7.57.0, RESOLVER_AD2S                                                       02/15/2020 01:24:52 PAGE 1   


C166 COMPILER V7.57.0, COMPILATION OF MODULE RESOLVER_AD2S
OBJECT MODULE PLACED IN .\objs\resolver_ad2s.obj
COMPILER INVOKED BY: C:\Keil_v5\C166\BIN\C166.EXE src\resolver_ad2s.c MODV2 LARGE BROWSE INCDIR(.\src\hardware;.\src;.\E
                    -OL_Diag;.\DTC_Diag;.\Hw_Driver;.\CalTool;.\DTC_Diag\mcu2_prot;./CAN_Driver;.\xcp;.\src\include;.\EBS_Ctrl_Logic) MODV2 D
                    -EBUG CODE PRINT(.\objs\resolver_ad2s.lst) TABS(2) OBJECT(.\objs\resolver_ad2s.obj) 

 stmt lvl     source

    1         ////////////////////////////////////////////////////////////////////////////////
    2         /*******************************************************************************
    3         * 
    4         *
    5         *  
    6         *      
    7         *******************************************************************************/
    8         ////////////////////////////////////////////////////////////////////////////////
    9         
   10         #include "resolver_ad2s.h"
   11         
   12         ////////////////////////////////////////////////////////////////////////////////
   13         // Current rotator position
   14         u16 g_resolver_pos_uw=0;
   15         // Previous rotator position
   16         u16 g_resolver_pos0_uw=0;
   17         // Rotator angle sum (Electric Angle)
   18         s32 g_total_angle_sl=0;
   19         s32 g_total_angle0_sl=0;
   20         
   21         ////////////////////////////////////////////////////////////////////////////////
   22         //
   23         ////////////////////////////////////////////////////////////////////////////////
   24         u8 resolver_ad2s_init(u8 option)
   25         {
   26  1        UNUSED_PARA(option);
   27  1        
   28  1        resolver_ad2s_wr_cfg(0x91,40);
   29  1        resolver_ad2s_rd_cfg(0x91);
   30  1        return 0;
   31  1      }
   32         
   33         ////////////////////////////////////////////////////////////////////////////////
   34         //
   35         ////////////////////////////////////////////////////////////////////////////////
   36         void resolver_ad2s_wr_cfg(u8 addr, u8 dat)
   37         {
   38  1        SET_AD2S_A0A1(1);   delay_ns(1);
   39  1        SET_AD2S_CS(0);     delay_ns(1);
   40  1        SET_AD2S_WR(0);     delay_ns(1);
   41  1        SET_AD2S_DPORT_DIR(DIR_OUT);
   42  1        SET_AD2S_DATA(addr); delay_ns(1);
   43  1        SET_AD2S_WR(1);     delay_ns(1);
   44  1        SET_AD2S_WR(0);     delay_ns(1);
   45  1        SET_AD2S_DATA(dat); delay_ns(1);
   46  1        SET_AD2S_WR(1);     delay_ns(1);
   47  1        SET_AD2S_CS(1);     delay_ns(1);
   48  1        
   49  1        SET_AD2S_DPORT_DIR(DIR_IN); 
   50  1        delay_ns(1);
   51  1      }
   52         
   53         ////////////////////////////////////////////////////////////////////////////////
C166 COMPILER V7.57.0, RESOLVER_AD2S                                                       02/15/2020 01:24:52 PAGE 2   

   54         //
   55         ////////////////////////////////////////////////////////////////////////////////
   56         u8 resolver_ad2s_rd_cfg(u8 addr)
   57         {
   58  1        u16 res=0;
   59  1        
   60  1        SET_AD2S_A0A1(1);   delay_ns(1);
   61  1        SET_AD2S_CS(0);     delay_ns(1);
   62  1        SET_AD2S_WR(0);     delay_ns(1);
   63  1        SET_AD2S_DPORT_DIR(DIR_OUT);
   64  1        SET_AD2S_DATA(addr); delay_ns(1);
   65  1        SET_AD2S_WR(1);      delay_ns(1);
   66  1        SET_AD2S_DPORT_DIR(DIR_IN);
   67  1        SET_AD2S_RD(0);     delay_ns(1);
   68  1        res=GET_AD2S_DATA();
   69  1        SET_AD2S_RD(1);     delay_ns(1);
   70  1        SET_AD2S_CS(1);     delay_ns(1);
   71  1        
   72  1        return (u8)res;
   73  1      }
   74         
   75         ////////////////////////////////////////////////////////////////////////////////
   76         //
   77         ////////////////////////////////////////////////////////////////////////////////
   78         u32 resolver_ad2s_read(u8 option)
   79         {
   80  1        u8  val;
   81  1        u32 res=0;
   82  1      
   83  1        UNUSED_PARA(option);
   84  1        
   85  1        SET_AD2S_SAMPLE(1);
   86  1        SET_AD2S_SAMPLE(0); delay_ns(1);
   87  1        SET_AD2S_SAMPLE(1); delay_ns(1);
   88  1        
   89  1        SET_AD2S_A0A1(0);   delay_ns(1);
   90  1        SET_AD2S_CS(0);     delay_ns(1);
   91  1      
   92  1        SET_AD2S_RD(0);     delay_ns(1);
   93  1        val=(u8)GET_AD2S_DATA();
   94  1        res=val;
   95  1        SET_AD2S_RD(1);     delay_ns(1);
   96  1      
   97  1        SET_AD2S_RD(0);     delay_ns(1);
   98  1        res=GET_AD2S_DATA();
   99  1        res<<=8; res|=val;
  100  1        SET_AD2S_RD(1);     delay_ns(1);
  101  1      
  102  1        SET_AD2S_RD(0);     delay_ns(1);
  103  1        res=GET_AD2S_DATA();
  104  1        res<<=8; res|=val;
  105  1        SET_AD2S_RD(1);     delay_ns(1);
  106  1      
  107  1        SET_AD2S_CS(1);     delay_ns(1);
  108  1        
  109  1        return res;
  110  1      }
  111         
  112         ////////////////////////////////////////////////////////////////////////////////
  113         //
  114         ////////////////////////////////////////////////////////////////////////////////
  115         u16 resolver_ad2s_read_pos(u8 option)
C166 COMPILER V7.57.0, RESOLVER_AD2S                                                       02/15/2020 01:24:52 PAGE 3   

  116         {
  117  1        u16 res=0;
  118  1        
  119  1        UNUSED_PARA(option);
  120  1      
  121  1        // Sample Data
  122  1        SET_AD2S_SAMPLE(1);
  123  1        SET_AD2S_SAMPLE(0);  delay_ns(1);
  124  1        SET_AD2S_SAMPLE(1);  delay_ns(1);
  125  1      
  126  1        // Chip select
  127  1        SET_AD2S_A0A1(1);    delay_ns(1);
  128  1        SET_AD2S_CS(0);      delay_ns(1);
  129  1        
  130  1        // Read D15 to D8 of Position
  131  1        SET_AD2S_WR(0);      delay_ns(1);
  132  1        SET_AD2S_DPORT_DIR(DIR_OUT);
  133  1        SET_AD2S_DATA(0x80); delay_ns(1);
  134  1        SET_AD2S_WR(1);      delay_ns(1);
  135  1        SET_AD2S_DPORT_DIR(DIR_IN);
  136  1        SET_AD2S_RD(0);      delay_ns(1);
  137  1        res=GET_AD2S_DATA();
  138  1        SET_AD2S_RD(1);      delay_ns(1);
  139  1      
  140  1        // Read D7 to D0 of Position
  141  1        SET_AD2S_WR(0);      delay_ns(1);
  142  1        SET_AD2S_DPORT_DIR(DIR_OUT);
  143  1        SET_AD2S_DATA(0x81); delay_ns(1);
  144  1        SET_AD2S_WR(1);      delay_ns(1);
  145  1        SET_AD2S_DPORT_DIR(DIR_IN);
  146  1        SET_AD2S_RD(0);      delay_ns(1);
  147  1        res<<=8;
  148  1        res|=GET_AD2S_DATA();
  149  1        SET_AD2S_RD(1);      delay_ns(1);
  150  1      
  151  1        // Chip deselect
  152  1        SET_AD2S_CS(1);      delay_ns(1);
  153  1        
  154  1        // Encoder Resolution: 16bit (default),absolute resolution: 12bit 
  155  1        res>>=4;
  156  1        return res;
  157  1        
  158  1      }
  159         ////////////////////////////////////////////////////////////////////////////////
C166 COMPILER V7.57.0, RESOLVER_AD2S                                                       02/15/2020 01:24:52 PAGE 4   

ASSEMBLY LISTING OF GENERATED OBJECT CODE


             ; FUNCTION resolver_ad2s_init (BEGIN  RMASK = @0x7FFF)
                                           ; SOURCE LINE # 24
;---- Variable 'option' assigned to Register 'R8' ----
                                           ; SOURCE LINE # 28
0000 E6F92800      MOV       R9,#028H
0004 E6F89100      MOV       R8,#091H
0008 DA000000 R    CALLS     SEG (resolver_ad2s_wr_cfg),resolver_ad2s_wr_cfg
                                           ; SOURCE LINE # 29
000C E6F89100      MOV       R8,#091H
0010 DA000000 R    CALLS     SEG (resolver_ad2s_rd_cfg),resolver_ad2s_rd_cfg
                                           ; SOURCE LINE # 30
0014 E108          MOVB      RL4,#00H
                                           ; SOURCE LINE # 31
0016 DB00          RETS      
             ; FUNCTION resolver_ad2s_init (END    RMASK = @0x7FFF)

             ; FUNCTION resolver_ad2s_wr_cfg (BEGIN  RMASK = @0x7FFF)
                                           ; SOURCE LINE # 36
0018 ECFD          PUSH      R13
001A ECFE          PUSH      R14
001C F0D9          MOV       R13,R9
;---- Variable 'dat' assigned to Register 'R13' ----
001E F0E8          MOV       R14,R8
;---- Variable 'addr' assigned to Register 'R14' ----
                                           ; SOURCE LINE # 38
0020 0FD5          BSET      P4_OUT_P0
0022 E018          MOV       R8,#01H
0024 DA000000 E    CALLS     SEG (delay_ns),delay_ns
                                           ; SOURCE LINE # 39
0028 DED3          BCLR      P2_OUT_P13
002A E018          MOV       R8,#01H
002C DA000000 E    CALLS     SEG (delay_ns),delay_ns
                                           ; SOURCE LINE # 40
0030 CED3          BCLR      P2_OUT_P12
0032 E018          MOV       R8,#01H
0034 DA000000 E    CALLS     SEG (delay_ns),delay_ns
                                           ; SOURCE LINE # 41
0038 E6F48000      MOV       R4,#080H
003C F6F420E8      MOV       0E820H,R4
0040 F6F422E8      MOV       0E822H,R4
0044 F6F424E8      MOV       0E824H,R4
0048 F6F426E8      MOV       0E826H,R4
004C F6F428E8      MOV       0E828H,R4
0050 F6F42AE8      MOV       0E82AH,R4
0054 F6F42CE8      MOV       0E82CH,R4
0058 F6F42EE8      MOV       0E82EH,R4
                                           ; SOURCE LINE # 42
005C F04E          MOV       R4,R14
005E C084          MOVBZ     R4,RL4
0060 F6F4A4FF      MOV       P1_OUT,R4
0064 E018          MOV       R8,#01H
0066 DA000000 E    CALLS     SEG (delay_ns),delay_ns
                                           ; SOURCE LINE # 43
006A CFD3          BSET      P2_OUT_P12
006C E018          MOV       R8,#01H
006E DA000000 E    CALLS     SEG (delay_ns),delay_ns
                                           ; SOURCE LINE # 44
0072 CED3          BCLR      P2_OUT_P12
0074 E018          MOV       R8,#01H
C166 COMPILER V7.57.0, RESOLVER_AD2S                                                       02/15/2020 01:24:52 PAGE 5   

0076 DA000000 E    CALLS     SEG (delay_ns),delay_ns
                                           ; SOURCE LINE # 45
007A F04D          MOV       R4,R13
007C C084          MOVBZ     R4,RL4
007E F6F4A4FF      MOV       P1_OUT,R4
0082 E018          MOV       R8,#01H
0084 DA000000 E    CALLS     SEG (delay_ns),delay_ns
                                           ; SOURCE LINE # 46
0088 CFD3          BSET      P2_OUT_P12
008A E018          MOV       R8,#01H
008C DA000000 E    CALLS     SEG (delay_ns),delay_ns
                                           ; SOURCE LINE # 47
0090 DFD3          BSET      P2_OUT_P13
0092 E018          MOV       R8,#01H
0094 DA000000 E    CALLS     SEG (delay_ns),delay_ns
                                           ; SOURCE LINE # 49
0098 E004          MOV       R4,#00H
009A F6F420E8      MOV       0E820H,R4
009E F6F422E8      MOV       0E822H,R4
00A2 F6F424E8      MOV       0E824H,R4
00A6 F6F426E8      MOV       0E826H,R4
00AA F6F428E8      MOV       0E828H,R4
00AE F6F42AE8      MOV       0E82AH,R4
00B2 F6F42CE8      MOV       0E82CH,R4
00B6 F6F42EE8      MOV       0E82EH,R4
                                           ; SOURCE LINE # 50
00BA E018          MOV       R8,#01H
00BC DA000000 E    CALLS     SEG (delay_ns),delay_ns
                                           ; SOURCE LINE # 51
00C0 FCFE          POP       R14
00C2 FCFD          POP       R13
00C4 DB00          RETS      
             ; FUNCTION resolver_ad2s_wr_cfg (END    RMASK = @0x7FFF)

             ; FUNCTION resolver_ad2s_rd_cfg (BEGIN  RMASK = @0x7FFF)
                                           ; SOURCE LINE # 56
00C6 ECFD          PUSH      R13
00C8 ECFE          PUSH      R14
00CA F0D8          MOV       R13,R8
;---- Variable 'addr' assigned to Register 'R13' ----
                                           ; SOURCE LINE # 57
                                           ; SOURCE LINE # 58
00CC E00E          MOV       R14,#00H
;---- Variable 'res' assigned to Register 'R14' ----
                                           ; SOURCE LINE # 60
00CE 0FD5          BSET      P4_OUT_P0
00D0 E018          MOV       R8,#01H
00D2 DA000000 E    CALLS     SEG (delay_ns),delay_ns
                                           ; SOURCE LINE # 61
00D6 DED3          BCLR      P2_OUT_P13
00D8 E018          MOV       R8,#01H
00DA DA000000 E    CALLS     SEG (delay_ns),delay_ns
                                           ; SOURCE LINE # 62
00DE CED3          BCLR      P2_OUT_P12
00E0 E018          MOV       R8,#01H
00E2 DA000000 E    CALLS     SEG (delay_ns),delay_ns
                                           ; SOURCE LINE # 63
00E6 E6F48000      MOV       R4,#080H
00EA F6F420E8      MOV       0E820H,R4
00EE F6F422E8      MOV       0E822H,R4
00F2 F6F424E8      MOV       0E824H,R4
00F6 F6F426E8      MOV       0E826H,R4
C166 COMPILER V7.57.0, RESOLVER_AD2S                                                       02/15/2020 01:24:52 PAGE 6   

00FA F6F428E8      MOV       0E828H,R4
00FE F6F42AE8      MOV       0E82AH,R4
0102 F6F42CE8      MOV       0E82CH,R4
0106 F6F42EE8      MOV       0E82EH,R4
                                           ; SOURCE LINE # 64
010A F04D          MOV       R4,R13
010C C084          MOVBZ     R4,RL4
010E F6F4A4FF      MOV       P1_OUT,R4
0112 E018          MOV       R8,#01H
0114 DA000000 E    CALLS     SEG (delay_ns),delay_ns
                                           ; SOURCE LINE # 65
0118 CFD3          BSET      P2_OUT_P12
011A E018          MOV       R8,#01H
011C DA000000 E    CALLS     SEG (delay_ns),delay_ns
                                           ; SOURCE LINE # 66
0120 E004          MOV       R4,#00H
0122 F6F420E8      MOV       0E820H,R4
0126 F6F422E8      MOV       0E822H,R4
012A F6F424E8      MOV       0E824H,R4
012E F6F426E8      MOV       0E826H,R4
0132 F6F428E8      MOV       0E828H,R4
0136 F6F42AE8      MOV       0E82AH,R4
013A F6F42CE8      MOV       0E82CH,R4
013E F6F42EE8      MOV       0E82EH,R4
                                           ; SOURCE LINE # 67
0142 BED3          BCLR      P2_OUT_P11
0144 E018          MOV       R8,#01H
0146 DA000000 E    CALLS     SEG (delay_ns),delay_ns
                                           ; SOURCE LINE # 68
014A F2FE82FF      MOV       R14,P1_IN
                                           ; SOURCE LINE # 69
014E BFD3          BSET      P2_OUT_P11
0150 E018          MOV       R8,#01H
0152 DA000000 E    CALLS     SEG (delay_ns),delay_ns
                                           ; SOURCE LINE # 70
0156 DFD3          BSET      P2_OUT_P13
0158 E018          MOV       R8,#01H
015A DA000000 E    CALLS     SEG (delay_ns),delay_ns
                                           ; SOURCE LINE # 72
015E F04E          MOV       R4,R14
                                           ; SOURCE LINE # 73
0160 FCFE          POP       R14
0162 FCFD          POP       R13
0164 DB00          RETS      
             ; FUNCTION resolver_ad2s_rd_cfg (END    RMASK = @0x7FFF)

             ; FUNCTION resolver_ad2s_read (BEGIN  RMASK = @0x7FFF)
                                           ; SOURCE LINE # 78
0166 ECFD          PUSH      R13
0168 ECFE          PUSH      R14
016A ECFF          PUSH      R15
;---- Variable 'option' assigned to Register 'R8' ----
                                           ; SOURCE LINE # 79
                                           ; SOURCE LINE # 81
016C E00E          MOV       R14,#00H
016E E00F          MOV       R15,#00H
;---- Variable 'res' assigned to Register 'R14/R15' ----
                                           ; SOURCE LINE # 85
0170 6FD1          BSET      P0_OUT_P6
                                           ; SOURCE LINE # 86
0172 6ED1          BCLR      P0_OUT_P6
0174 E018          MOV       R8,#01H
C166 COMPILER V7.57.0, RESOLVER_AD2S                                                       02/15/2020 01:24:52 PAGE 7   

0176 DA000000 E    CALLS     SEG (delay_ns),delay_ns
                                           ; SOURCE LINE # 87
017A 6FD1          BSET      P0_OUT_P6
017C E018          MOV       R8,#01H
017E DA000000 E    CALLS     SEG (delay_ns),delay_ns
                                           ; SOURCE LINE # 89
0182 0ED5          BCLR      P4_OUT_P0
0184 E018          MOV       R8,#01H
0186 DA000000 E    CALLS     SEG (delay_ns),delay_ns
                                           ; SOURCE LINE # 90
018A DED3          BCLR      P2_OUT_P13
018C E018          MOV       R8,#01H
018E DA000000 E    CALLS     SEG (delay_ns),delay_ns
                                           ; SOURCE LINE # 92
0192 BED3          BCLR      P2_OUT_P11
0194 E018          MOV       R8,#01H
0196 DA000000 E    CALLS     SEG (delay_ns),delay_ns
                                           ; SOURCE LINE # 93
019A F2F482FF      MOV       R4,P1_IN
019E F0D4          MOV       R13,R4
;---- Variable 'val' assigned to Register 'R13' ----
                                           ; SOURCE LINE # 94
01A0 F04D          MOV       R4,R13
01A2 C08E          MOVBZ     R14,RL4
01A4 E00F          MOV       R15,#00H
                                           ; SOURCE LINE # 95
01A6 BFD3          BSET      P2_OUT_P11
01A8 E018          MOV       R8,#01H
01AA DA000000 E    CALLS     SEG (delay_ns),delay_ns
                                           ; SOURCE LINE # 97
01AE BED3          BCLR      P2_OUT_P11
01B0 E018          MOV       R8,#01H
01B2 DA000000 E    CALLS     SEG (delay_ns),delay_ns
                                           ; SOURCE LINE # 98
01B6 F2F482FF      MOV       R4,P1_IN
01BA F0E4          MOV       R14,R4
01BC E00F          MOV       R15,#00H
                                           ; SOURCE LINE # 99
01BE F06E          MOV       R6,R14
01C0 5C8F          SHL       R15,#08H
01C2 5C8E          SHL       R14,#08H
01C4 7C86          SHR       R6,#08H
01C6 70F6          OR        R15,R6
01C8 F04D          MOV       R4,R13
01CA C084          MOVBZ     R4,RL4
01CC E005          MOV       R5,#00H
01CE 70E4          OR        R14,R4
01D0 70F5          OR        R15,R5
                                           ; SOURCE LINE # 100
01D2 BFD3          BSET      P2_OUT_P11
01D4 E018          MOV       R8,#01H
01D6 DA000000 E    CALLS     SEG (delay_ns),delay_ns
                                           ; SOURCE LINE # 102
01DA BED3          BCLR      P2_OUT_P11
01DC E018          MOV       R8,#01H
01DE DA000000 E    CALLS     SEG (delay_ns),delay_ns
                                           ; SOURCE LINE # 103
01E2 F2F482FF      MOV       R4,P1_IN
01E6 F0E4          MOV       R14,R4
01E8 E00F          MOV       R15,#00H
                                           ; SOURCE LINE # 104
01EA F06E          MOV       R6,R14
C166 COMPILER V7.57.0, RESOLVER_AD2S                                                       02/15/2020 01:24:52 PAGE 8   

01EC 5C8F          SHL       R15,#08H
01EE 5C8E          SHL       R14,#08H
01F0 7C86          SHR       R6,#08H
01F2 70F6          OR        R15,R6
01F4 F04D          MOV       R4,R13
01F6 C084          MOVBZ     R4,RL4
01F8 E005          MOV       R5,#00H
01FA 70E4          OR        R14,R4
01FC 70F5          OR        R15,R5
                                           ; SOURCE LINE # 105
01FE BFD3          BSET      P2_OUT_P11
0200 E018          MOV       R8,#01H
0202 DA000000 E    CALLS     SEG (delay_ns),delay_ns
                                           ; SOURCE LINE # 107
0206 DFD3          BSET      P2_OUT_P13
0208 E018          MOV       R8,#01H
020A DA000000 E    CALLS     SEG (delay_ns),delay_ns
                                           ; SOURCE LINE # 109
020E F04E          MOV       R4,R14
0210 F05F          MOV       R5,R15
                                           ; SOURCE LINE # 110
0212 FCFF          POP       R15
0214 FCFE          POP       R14
0216 FCFD          POP       R13
0218 DB00          RETS      
             ; FUNCTION resolver_ad2s_read (END    RMASK = @0x7FFF)

             ; FUNCTION resolver_ad2s_read_pos (BEGIN  RMASK = @0x7FFF)
                                           ; SOURCE LINE # 115
021A ECFD          PUSH      R13
;---- Variable 'option' assigned to Register 'R8' ----
                                           ; SOURCE LINE # 116
                                           ; SOURCE LINE # 117
021C E00D          MOV       R13,#00H
;---- Variable 'res' assigned to Register 'R13' ----
                                           ; SOURCE LINE # 122
021E 6FD1          BSET      P0_OUT_P6
                                           ; SOURCE LINE # 123
0220 6ED1          BCLR      P0_OUT_P6
0222 E018          MOV       R8,#01H
0224 DA000000 E    CALLS     SEG (delay_ns),delay_ns
                                           ; SOURCE LINE # 124
0228 6FD1          BSET      P0_OUT_P6
022A E018          MOV       R8,#01H
022C DA000000 E    CALLS     SEG (delay_ns),delay_ns
                                           ; SOURCE LINE # 127
0230 0FD5          BSET      P4_OUT_P0
0232 E018          MOV       R8,#01H
0234 DA000000 E    CALLS     SEG (delay_ns),delay_ns
                                           ; SOURCE LINE # 128
0238 DED3          BCLR      P2_OUT_P13
023A E018          MOV       R8,#01H
023C DA000000 E    CALLS     SEG (delay_ns),delay_ns
                                           ; SOURCE LINE # 131
0240 CED3          BCLR      P2_OUT_P12
0242 E018          MOV       R8,#01H
0244 DA000000 E    CALLS     SEG (delay_ns),delay_ns
                                           ; SOURCE LINE # 132
0248 E6F48000      MOV       R4,#080H
024C F6F420E8      MOV       0E820H,R4
0250 F6F422E8      MOV       0E822H,R4
0254 F6F424E8      MOV       0E824H,R4
C166 COMPILER V7.57.0, RESOLVER_AD2S                                                       02/15/2020 01:24:52 PAGE 9   

0258 F6F426E8      MOV       0E826H,R4
025C F6F428E8      MOV       0E828H,R4
0260 F6F42AE8      MOV       0E82AH,R4
0264 F6F42CE8      MOV       0E82CH,R4
0268 F6F42EE8      MOV       0E82EH,R4
                                           ; SOURCE LINE # 133
026C E6D28000      MOV       P1_OUT,#080H
0270 E018          MOV       R8,#01H
0272 DA000000 E    CALLS     SEG (delay_ns),delay_ns
                                           ; SOURCE LINE # 134
0276 CFD3          BSET      P2_OUT_P12
0278 E018          MOV       R8,#01H
027A DA000000 E    CALLS     SEG (delay_ns),delay_ns
                                           ; SOURCE LINE # 135
027E E004          MOV       R4,#00H
0280 F6F420E8      MOV       0E820H,R4
0284 F6F422E8      MOV       0E822H,R4
0288 F6F424E8      MOV       0E824H,R4
028C F6F426E8      MOV       0E826H,R4
0290 F6F428E8      MOV       0E828H,R4
0294 F6F42AE8      MOV       0E82AH,R4
0298 F6F42CE8      MOV       0E82CH,R4
029C F6F42EE8      MOV       0E82EH,R4
                                           ; SOURCE LINE # 136
02A0 BED3          BCLR      P2_OUT_P11
02A2 E018          MOV       R8,#01H
02A4 DA000000 E    CALLS     SEG (delay_ns),delay_ns
                                           ; SOURCE LINE # 137
02A8 F2FD82FF      MOV       R13,P1_IN
                                           ; SOURCE LINE # 138
02AC BFD3          BSET      P2_OUT_P11
02AE E018          MOV       R8,#01H
02B0 DA000000 E    CALLS     SEG (delay_ns),delay_ns
                                           ; SOURCE LINE # 141
02B4 CED3          BCLR      P2_OUT_P12
02B6 E018          MOV       R8,#01H
02B8 DA000000 E    CALLS     SEG (delay_ns),delay_ns
                                           ; SOURCE LINE # 142
02BC E6F48000      MOV       R4,#080H
02C0 F6F420E8      MOV       0E820H,R4
02C4 F6F422E8      MOV       0E822H,R4
02C8 F6F424E8      MOV       0E824H,R4
02CC F6F426E8      MOV       0E826H,R4
02D0 F6F428E8      MOV       0E828H,R4
02D4 F6F42AE8      MOV       0E82AH,R4
02D8 F6F42CE8      MOV       0E82CH,R4
02DC F6F42EE8      MOV       0E82EH,R4
                                           ; SOURCE LINE # 143
02E0 E6D28100      MOV       P1_OUT,#081H
02E4 E018          MOV       R8,#01H
02E6 DA000000 E    CALLS     SEG (delay_ns),delay_ns
                                           ; SOURCE LINE # 144
02EA CFD3          BSET      P2_OUT_P12
02EC E018          MOV       R8,#01H
02EE DA000000 E    CALLS     SEG (delay_ns),delay_ns
                                           ; SOURCE LINE # 145
02F2 E004          MOV       R4,#00H
02F4 F6F420E8      MOV       0E820H,R4
02F8 F6F422E8      MOV       0E822H,R4
02FC F6F424E8      MOV       0E824H,R4
0300 F6F426E8      MOV       0E826H,R4
0304 F6F428E8      MOV       0E828H,R4
C166 COMPILER V7.57.0, RESOLVER_AD2S                                                       02/15/2020 01:24:52 PAGE 10  

0308 F6F42AE8      MOV       0E82AH,R4
030C F6F42CE8      MOV       0E82CH,R4
0310 F6F42EE8      MOV       0E82EH,R4
                                           ; SOURCE LINE # 146
0314 BED3          BCLR      P2_OUT_P11
0316 E018          MOV       R8,#01H
0318 DA000000 E    CALLS     SEG (delay_ns),delay_ns
                                           ; SOURCE LINE # 147
031C 5C8D          SHL       R13,#08H
                                           ; SOURCE LINE # 148
031E F2F582FF      MOV       R5,P1_IN
0322 70D5          OR        R13,R5
                                           ; SOURCE LINE # 149
0324 BFD3          BSET      P2_OUT_P11
0326 E018          MOV       R8,#01H
0328 DA000000 E    CALLS     SEG (delay_ns),delay_ns
                                           ; SOURCE LINE # 152
032C DFD3          BSET      P2_OUT_P13
032E E018          MOV       R8,#01H
0330 DA000000 E    CALLS     SEG (delay_ns),delay_ns
                                           ; SOURCE LINE # 155
0334 7C4D          SHR       R13,#04H
                                           ; SOURCE LINE # 156
0336 F04D          MOV       R4,R13
                                           ; SOURCE LINE # 158
0338 FCFD          POP       R13
033A DB00          RETS      
             ; FUNCTION resolver_ad2s_read_pos (END    RMASK = @0x7FFF)



MODULE INFORMATION:   INITIALIZED  UNINITIALIZED
  CODE SIZE        =         828     --------
  NEAR-CONST SIZE  =    --------     --------
  FAR-CONST SIZE   =    --------     --------
  HUGE-CONST SIZE  =    --------     --------
  XHUGE-CONST SIZE =    --------     --------
  NEAR-DATA SIZE   =          12     --------
  FAR-DATA SIZE    =    --------     --------
  XHUGE-DATA SIZE  =    --------     --------
  IDATA-DATA SIZE  =    --------     --------
  SDATA-DATA SIZE  =    --------     --------
  BDATA-DATA SIZE  =    --------     --------
  HUGE-DATA SIZE   =    --------     --------
  BIT SIZE         =    --------     --------
  INIT'L SIZE      =          28     --------
END OF MODULE INFORMATION.


C166 COMPILATION COMPLETE.  0 WARNING(S),  0 ERROR(S)
