C166 COMPILER V7.57.0, TLE9180D_31QK_DRV                                                   12/09/2020 16:25:52 PAGE 1   


C166 COMPILER V7.57.0, COMPILATION OF MODULE TLE9180D_31QK_DRV
OBJECT MODULE PLACED IN .\objs\TLE9180D_31QK_Drv.obj
COMPILER INVOKED BY: C:\Keil_v5\C166\BIN\C166.EXE TLE9180D_31QK\TLE9180D_31QK_Drv.c MODV2 LARGE BROWSE INCDIR(.\src\hard
                    -ware;.\src;.\EOL_Diag;.\DTC_Diag;.\Hw_Driver;.\CalTool;.\DTC_Diag\mcu2_prot;./CAN_Driver;.\xcp;.\src\include;.\EBS_Ctrl_
                    -Logic) MODV2 DEBUG CODE PRINT(.\objs\TLE9180D_31QK_Drv.lst) TABS(2) OBJECT(.\objs\TLE9180D_31QK_Drv.obj) 

 stmt lvl     source

*** WARNING C38 IN LINE 1 OF TLE9180D_31QK\TLE9180D_31QK_Drv.c: empty translation unit
C166 COMPILER V7.57.0, TLE9180D_31QK_DRV                                                   12/09/2020 16:25:52 PAGE 2   

ASSEMBLY LISTING OF GENERATED OBJECT CODE




MODULE INFORMATION:   INITIALIZED  UNINITIALIZED
  CODE SIZE        =    --------     --------
  NEAR-CONST SIZE  =    --------     --------
  FAR-CONST SIZE   =    --------     --------
  HUGE-CONST SIZE  =    --------     --------
  XHUGE-CONST SIZE =    --------     --------
  NEAR-DATA SIZE   =    --------     --------
  FAR-DATA SIZE    =    --------     --------
  XHUGE-DATA SIZE  =    --------     --------
  IDATA-DATA SIZE  =    --------     --------
  SDATA-DATA SIZE  =    --------     --------
  BDATA-DATA SIZE  =    --------     --------
  HUGE-DATA SIZE   =    --------     --------
  BIT SIZE         =    --------     --------
  INIT'L SIZE      =    --------     --------
END OF MODULE INFORMATION.


C166 COMPILATION COMPLETE.  1 WARNING(S),  0 ERROR(S)
