C166 COMPILER V7.57.0, XCP_PAR                                                             01/03/2020 16:20:10 PAGE 1   


C166 COMPILER V7.57.0, COMPILATION OF MODULE XCP_PAR
OBJECT MODULE PLACED IN .\objs\xcp_par.obj
COMPILER INVOKED BY: C:\Keil_v5\C166\BIN\C166.EXE xcp\xcp_par.c MODV2 LARGE BROWSE INCDIR(.\src\hardware;.\src;.\EOL_Dia
                    -g;.\DTC_Diag;.\Hw_Driver;.\CalTool;.\DTC_Diag\mcu2_prot;./CAN_Driver;.\xcp;.\src\include;.\EBS_Ctrl_Logic) MODV2 DEBUG C
                    -ODE PRINT(.\objs\xcp_par.lst) TABS(2) OBJECT(.\objs\xcp_par.obj) 

 stmt lvl     source

    1         /*----------------------------------------------------------------------------
    2         | Project: XCP_Delivery
    3         |
    4         |  Description:   Implementation of the XCP Protocol Layer
    5         |                 XCP V1.0 slave device driver
    6         |                 Basic Version
    7         |
    8         |-----------------------------------------------------------------------------
    9         | Copyright (c) by Vector Informatik GmbH.  All rights reserved.
   10         ----------------------------------------------------------------------------*/
   11         #include "xcpBasic.h"
   12         
   13         
   14         /* implement here parameters for customizing XcpBasic driver (e.g. kXcpStationId) */
   15         
   16         
C166 COMPILER V7.57.0, XCP_PAR                                                             01/03/2020 16:20:10 PAGE 2   

ASSEMBLY LISTING OF GENERATED OBJECT CODE




MODULE INFORMATION:   INITIALIZED  UNINITIALIZED
  CODE SIZE        =    --------     --------
  NEAR-CONST SIZE  =    --------     --------
  FAR-CONST SIZE   =    --------     --------
  HUGE-CONST SIZE  =    --------     --------
  XHUGE-CONST SIZE =    --------     --------
  NEAR-DATA SIZE   =    --------     --------
  FAR-DATA SIZE    =    --------     --------
  XHUGE-DATA SIZE  =    --------     --------
  IDATA-DATA SIZE  =    --------     --------
  SDATA-DATA SIZE  =    --------     --------
  BDATA-DATA SIZE  =    --------     --------
  HUGE-DATA SIZE   =    --------     --------
  BIT SIZE         =    --------     --------
  INIT'L SIZE      =    --------     --------
END OF MODULE INFORMATION.


C166 COMPILATION COMPLETE.  0 WARNING(S),  0 ERROR(S)
